This is pdfTeX, Version 3.141592653-2.6-1.40.25 (TeX Live 2023) (preloaded format=pdflatex 2023.11.28)  25 SEP 2024 01:42
entering extended mode
 restricted \write18 enabled.
 file:line:error style messages enabled.
 %&-line parsing enabled.
**/Users/nowonder/WorkSpace/COMP7906CyberSecurity/Cyber-Security-A1/answer/3036196908.tex
(/Users/nowonder/WorkSpace/COMP7906CyberSecurity/Cyber-Security-A1/answer/3036196908.tex
LaTeX2e <2022-11-01> patch level 1
L3 programming layer <2023-02-22> (/usr/local/texlive/2023/texmf-dist/tex/latex/base/article.cls
Document Class: article 2022/07/02 v1.4n Standard LaTeX document class
(/usr/local/texlive/2023/texmf-dist/tex/latex/base/size10.clo
File: size10.clo 2022/07/02 v1.4n Standard LaTeX file (size option)
)
\c@part=\count185
\c@section=\count186
\c@subsection=\count187
\c@subsubsection=\count188
\c@paragraph=\count189
\c@subparagraph=\count190
\c@figure=\count191
\c@table=\count192
\abovecaptionskip=\skip48
\belowcaptionskip=\skip49
\bibindent=\dimen140
) (/usr/local/texlive/2023/texmf-dist/tex/latex/graphics/graphicx.sty
Package: graphicx 2021/09/16 v1.2d Enhanced LaTeX Graphics (DPC,SPQR)
 (/usr/local/texlive/2023/texmf-dist/tex/latex/graphics/keyval.sty
Package: keyval 2022/05/29 v1.15 key=value parser (DPC)
\KV@toks@=\toks16
) (/usr/local/texlive/2023/texmf-dist/tex/latex/graphics/graphics.sty
Package: graphics 2022/03/10 v1.4e Standard LaTeX Graphics (DPC,SPQR)
 (/usr/local/texlive/2023/texmf-dist/tex/latex/graphics/trig.sty
Package: trig 2021/08/11 v1.11 sin cos tan (DPC)
) (/usr/local/texlive/2023/texmf-dist/tex/latex/graphics-cfg/graphics.cfg
File: graphics.cfg 2016/06/04 v1.11 sample graphics configuration
)
Package graphics Info: Driver file: pdftex.def on input line 107.
 (/usr/local/texlive/2023/texmf-dist/tex/latex/graphics-def/pdftex.def
File: pdftex.def 2022/09/22 v1.2b Graphics/color driver for pdftex
))
\Gin@req@height=\dimen141
\Gin@req@width=\dimen142
) (/usr/local/texlive/2023/texmf-dist/tex/latex/float/float.sty
Package: float 2001/11/08 v1.3d Float enhancements (AL)
\c@float@type=\count193
\float@exts=\toks17
\float@box=\box51
\@float@everytoks=\toks18
\@floatcapt=\box52
) (/usr/local/texlive/2023/texmf-dist/tex/latex/l3backend/l3backend-pdftex.def
File: l3backend-pdftex.def 2023-01-16 L3 backend support: PDF output (pdfTeX)
\l__color_backend_stack_int=\count194
\l__pdf_internal_box=\box53
) (./3036196908.aux)
\openout1 = `3036196908.aux'.

LaTeX Font Info:    Checking defaults for OML/cmm/m/it on input line 8.
LaTeX Font Info:    ... okay on input line 8.
LaTeX Font Info:    Checking defaults for OMS/cmsy/m/n on input line 8.
LaTeX Font Info:    ... okay on input line 8.
LaTeX Font Info:    Checking defaults for OT1/cmr/m/n on input line 8.
LaTeX Font Info:    ... okay on input line 8.
LaTeX Font Info:    Checking defaults for T1/cmr/m/n on input line 8.
LaTeX Font Info:    ... okay on input line 8.
LaTeX Font Info:    Checking defaults for TS1/cmr/m/n on input line 8.
LaTeX Font Info:    ... okay on input line 8.
LaTeX Font Info:    Checking defaults for OMX/cmex/m/n on input line 8.
LaTeX Font Info:    ... okay on input line 8.
LaTeX Font Info:    Checking defaults for U/cmr/m/n on input line 8.
LaTeX Font Info:    ... okay on input line 8.
 (/usr/local/texlive/2023/texmf-dist/tex/context/base/mkii/supp-pdf.mkii
[Loading MPS to PDF converter (version 2006.09.02).]
\scratchcounter=\count195
\scratchdimen=\dimen143
\scratchbox=\box54
\nofMPsegments=\count196
\nofMParguments=\count197
\everyMPshowfont=\toks19
\MPscratchCnt=\count198
\MPscratchDim=\dimen144
\MPnumerator=\count199
\makeMPintoPDFobject=\count266
\everyMPtoPDFconversion=\toks20
) (/usr/local/texlive/2023/texmf-dist/tex/latex/epstopdf-pkg/epstopdf-base.sty
Package: epstopdf-base 2020-01-24 v2.11 Base part for package epstopdf
Package epstopdf-base Info: Redefining graphics rule for `.eps' on input line 485.
 (/usr/local/texlive/2023/texmf-dist/tex/latex/latexconfig/epstopdf-sys.cfg
File: epstopdf-sys.cfg 2010/07/13 v1.3 Configuration of (r)epstopdf for TeX Live
))
LaTeX Font Info:    External font `cmex10' loaded for size
(Font)              <12> on input line 10.
LaTeX Font Info:    External font `cmex10' loaded for size
(Font)              <8> on input line 10.
LaTeX Font Info:    External font `cmex10' loaded for size
(Font)              <6> on input line 10.
<q1handwriting.pdf, id=1, 1734.07443pt x 2625.26598pt>
File: q1handwriting.pdf Graphic file (type pdf)
<use q1handwriting.pdf>
Package pdftex.def Info: q1handwriting.pdf  used on input line 19.
(pdftex.def)             Requested size: 413.99895pt x 626.75188pt.
 [1

{/usr/local/texlive/2023/texmf-var/fonts/map/pdftex/updmap/pdftex.map}]
Overfull \vbox (135.99905pt too high) has occurred while \output is active []

 [2 <./q1handwriting.pdf>]
Overfull \hbox (74.99634pt too wide) in paragraph at lines 226--226
[]    \OT1/cmtt/m/n/10 return "".join([str(int(mat1[i]) ^ int(mat2[i])) for i in range(len(mat1))])[] 
 []

[3]
Overfull \hbox (1.49698pt too wide) in paragraph at lines 226--226
[]\OT1/cmtt/m/n/10 s_box_1 = [[14, 4, 13, 1, 2, 15, 11, 8, 3, 10, 6, 12, 5, 9, 0, 7],[] 
 []


Overfull \hbox (6.74693pt too wide) in paragraph at lines 226--226
[]            \OT1/cmtt/m/n/10 [0, 15, 7, 4, 14, 2, 13, 1, 10, 6, 12, 11, 9, 5, 3, 8],[] 
 []


Overfull \hbox (6.74693pt too wide) in paragraph at lines 226--226
[]            \OT1/cmtt/m/n/10 [4, 1, 14, 8, 13, 6, 2, 11, 15, 12, 9, 7, 3, 10, 5, 0],[] 
 []


Overfull \hbox (6.74693pt too wide) in paragraph at lines 226--226
[]            \OT1/cmtt/m/n/10 [15, 12, 8, 2, 4, 9, 1, 7, 5, 11, 3, 14, 10, 0, 6, 13]][] 
 []


Overfull \hbox (1.49698pt too wide) in paragraph at lines 226--226
[]\OT1/cmtt/m/n/10 s_box_2 = [[15, 1, 8, 14, 6, 11, 3, 4, 9, 7, 2, 13, 12, 0, 5, 10],[] 
 []


Overfull \hbox (6.74693pt too wide) in paragraph at lines 226--226
[]            \OT1/cmtt/m/n/10 [3, 13, 4, 7, 15, 2, 8, 14, 12, 0, 1, 10, 6, 9, 11, 5],[] 
 []


Overfull \hbox (6.74693pt too wide) in paragraph at lines 226--226
[]            \OT1/cmtt/m/n/10 [0, 14, 7, 11, 10, 4, 13, 1, 5, 8, 12, 6, 9, 3, 2, 15],[] 
 []


Overfull \hbox (6.74693pt too wide) in paragraph at lines 226--226
[]            \OT1/cmtt/m/n/10 [13, 8, 10, 1, 3, 15, 4, 2, 11, 6, 7, 12, 0, 5, 14, 9]][] 
 []


Overfull \hbox (1.49698pt too wide) in paragraph at lines 226--226
[]\OT1/cmtt/m/n/10 s_box_3 = [[10, 0, 9, 14, 6, 3, 15, 5, 1, 13, 12, 7, 11, 4, 2, 8],[] 
 []


Overfull \hbox (6.74693pt too wide) in paragraph at lines 226--226
[]            \OT1/cmtt/m/n/10 [13, 7, 0, 9, 3, 4, 6, 10, 2, 8, 5, 14, 12, 11, 15, 1],[] 
 []


Overfull \hbox (6.74693pt too wide) in paragraph at lines 226--226
[]            \OT1/cmtt/m/n/10 [13, 6, 4, 9, 8, 15, 3, 0, 11, 1, 2, 12, 5, 10, 14, 7],[] 
 []


Overfull \hbox (6.74693pt too wide) in paragraph at lines 226--226
[]            \OT1/cmtt/m/n/10 [1, 10, 13, 0, 6, 9, 8, 7, 4, 15, 14, 3, 11, 5, 2, 12]][] 
 []


Overfull \hbox (1.49698pt too wide) in paragraph at lines 226--226
[]\OT1/cmtt/m/n/10 s_box_4 = [[7, 13, 14, 3, 0, 6, 9, 10, 1, 2, 8, 5, 11, 12, 4, 15],[] 
 []


Overfull \hbox (6.74693pt too wide) in paragraph at lines 226--226
[]            \OT1/cmtt/m/n/10 [13, 8, 11, 5, 6, 15, 0, 3, 4, 7, 2, 12, 1, 10, 14, 9],[] 
 []


Overfull \hbox (6.74693pt too wide) in paragraph at lines 226--226
[]            \OT1/cmtt/m/n/10 [10, 6, 9, 0, 12, 11, 7, 13, 15, 1, 3, 14, 5, 2, 8, 4],[] 
 []


Overfull \hbox (6.74693pt too wide) in paragraph at lines 226--226
[]            \OT1/cmtt/m/n/10 [3, 15, 0, 6, 10, 1, 13, 8, 9, 4, 5, 11, 12, 7, 2, 14]][] 
 []


Overfull \hbox (1.49698pt too wide) in paragraph at lines 226--226
[]\OT1/cmtt/m/n/10 s_box_5 = [[2, 12, 4, 1, 7, 10, 11, 6, 8, 5, 3, 15, 13, 0, 14, 9],[] 
 []


Overfull \hbox (6.74693pt too wide) in paragraph at lines 226--226
[]            \OT1/cmtt/m/n/10 [14, 11, 2, 12, 4, 7, 13, 1, 5, 0, 15, 10, 3, 9, 8, 6],[] 
 []


Overfull \hbox (6.74693pt too wide) in paragraph at lines 226--226
[]            \OT1/cmtt/m/n/10 [4, 2, 1, 11, 10, 13, 7, 8, 15, 9, 12, 5, 6, 3, 0, 14],[] 
 []

[4]
Overfull \hbox (6.74693pt too wide) in paragraph at lines 226--226
[]            \OT1/cmtt/m/n/10 [11, 8, 12, 7, 1, 14, 2, 13, 6, 15, 0, 9, 10, 4, 5, 3]][] 
 []


Overfull \hbox (1.49698pt too wide) in paragraph at lines 226--226
[]\OT1/cmtt/m/n/10 s_box_6 = [[12, 1, 10, 15, 9, 2, 6, 8, 0, 13, 3, 4, 14, 7, 5, 11],[] 
 []


Overfull \hbox (6.74693pt too wide) in paragraph at lines 226--226
[]            \OT1/cmtt/m/n/10 [10, 15, 4, 2, 7, 12, 9, 5, 6, 1, 13, 14, 0, 11, 3, 8],[] 
 []


Overfull \hbox (6.74693pt too wide) in paragraph at lines 226--226
[]            \OT1/cmtt/m/n/10 [9, 14, 15, 5, 2, 8, 12, 3, 7, 0, 4, 10, 1, 13, 11, 6],[] 
 []


Overfull \hbox (6.74693pt too wide) in paragraph at lines 226--226
[]            \OT1/cmtt/m/n/10 [4, 3, 2, 12, 9, 5, 15, 10, 11, 14, 1, 7, 6, 0, 8, 13]][] 
 []


Overfull \hbox (1.49698pt too wide) in paragraph at lines 226--226
[]\OT1/cmtt/m/n/10 s_box_7 = [[4, 11, 2, 14, 15, 0, 8, 13, 3, 12, 9, 7, 5, 10, 6, 1],[] 
 []


Overfull \hbox (6.74693pt too wide) in paragraph at lines 226--226
[]            \OT1/cmtt/m/n/10 [13, 0, 11, 7, 4, 9, 1, 10, 14, 3, 5, 12, 2, 15, 8, 6],[] 
 []


Overfull \hbox (6.74693pt too wide) in paragraph at lines 226--226
[]            \OT1/cmtt/m/n/10 [1, 4, 11, 13, 12, 3, 7, 14, 10, 15, 6, 8, 0, 5, 9, 2],[] 
 []


Overfull \hbox (6.74693pt too wide) in paragraph at lines 226--226
[]            \OT1/cmtt/m/n/10 [6, 11, 13, 8, 1, 4, 10, 7, 9, 5, 0, 15, 14, 2, 3, 12]][] 
 []


Overfull \hbox (1.49698pt too wide) in paragraph at lines 226--226
[]\OT1/cmtt/m/n/10 s_box_8 = [[13, 2, 8, 4, 6, 15, 11, 1, 10, 9, 3, 14, 5, 0, 12, 7],[] 
 []


Overfull \hbox (6.74693pt too wide) in paragraph at lines 226--226
[]            \OT1/cmtt/m/n/10 [1, 15, 13, 8, 10, 3, 7, 4, 12, 5, 6, 11, 0, 14, 9, 2],[] 
 []


Overfull \hbox (6.74693pt too wide) in paragraph at lines 226--226
[]            \OT1/cmtt/m/n/10 [7, 11, 4, 1, 9, 12, 14, 2, 0, 6, 10, 13, 15, 3, 5, 8],[] 
 []


Overfull \hbox (6.74693pt too wide) in paragraph at lines 226--226
[]            \OT1/cmtt/m/n/10 [2, 1, 14, 7, 4, 10, 8, 13, 15, 12, 9, 0, 3, 5, 6, 11]][] 
 []


Overfull \hbox (85.49625pt too wide) in paragraph at lines 226--226
[]\OT1/cmtt/m/n/10 s_boxes = [s_box_1, s_box_2, s_box_3, s_box_4, s_box_5, s_box_6, s_box_7, s_box_8][] 
 []

[5]
Overfull \hbox (248.24483pt too wide) in paragraph at lines 226--226
[]        \OT1/cmtt/m/n/10 print("sb_input: ", sb_input, "row_num: ", row_num, "col_num: ", col_num, "target: ", target, bin_target)[] 
 []

[6]
Overfull \hbox (211.49515pt too wide) in paragraph at lines 226--226
[]    \OT1/cmtt/m/n/10 print("r1 = xor with l0: ", xor_result_2, "In hex per 4 bit: ", hex(int(xor_result_2, 2)).upper()[2:])[] 
 []


Overfull \hbox (59.24648pt too wide) in paragraph at lines 226--226
[]    \OT1/cmtt/m/n/10 print("l1 = r0: ", r0, "In hex per 4 bit: ", hex(int(r0, 2)).upper()[2:])[] 
 []

[7] (./3036196908.aux) ) 
Here is how much of TeX's memory you used:
 1383 strings out of 476025
 23200 string characters out of 5790016
 1874388 words of memory out of 5000000
 21867 multiletter control sequences out of 15000+600000
 516402 words of font info for 46 fonts, out of 8000000 for 9000
 1141 hyphenation exceptions out of 8191
 57i,7n,62p,278b,269s stack positions out of 10000i,1000n,20000p,200000b,200000s
</usr/local/texlive/2023/texmf-dist/fonts/type1/public/amsfonts/cm/cmbx12.pfb></usr/local/texlive/2023/texmf-dist/fonts/type1/public/amsfonts/cm/cmr10.pfb></usr/local/texlive/2023/texmf-dist/fonts/type1/public/amsfonts/cm/cmr12.pfb></usr/local/texlive/2023/texmf-dist/fonts/type1/public/amsfonts/cm/cmr17.pfb></usr/local/texlive/2023/texmf-dist/fonts/type1/public/amsfonts/cm/cmtt10.pfb>
Output written on 3036196908.pdf (7 pages, 2852609 bytes).
PDF statistics:
 58 PDF objects out of 1000 (max. 8388607)
 35 compressed objects within 1 object stream
 0 named destinations out of 1000 (max. 500000)
 6 words of extra memory for PDF output out of 10000 (max. 10000000)

